<?xml version="1.0" encoding="UTF-8"?>
<!-- Generated by org.testng.reporters.JUnitReportReporter -->
<testsuite name="com.qainfotech.tap.training.snl.api.BoardTest" tests="8" time="0.169" ignored="0" failures="0" timestamp="30 Jun 2017 10:12:47 GMT" skipped="0" hostname="ASDP1734PO02529" errors="0">
  <testcase name="registerPlayer_PlayerExistsException" time="0.017" classname="com.qainfotech.tap.training.snl.api.BoardTest"/>
  <testcase name="rollDie_InvalidTurnException" time="0.018" classname="com.qainfotech.tap.training.snl.api.BoardTest"/>
  <testcase name="registerPlayer" time="0.024" classname="com.qainfotech.tap.training.snl.api.BoardTest"/>
  <testcase name="deletePlayer_NoUserWithSuchUUIDException" time="0.012" classname="com.qainfotech.tap.training.snl.api.BoardTest"/>
  <testcase name="registerplayer_GameInProgressException" time="0.027" classname="com.qainfotech.tap.training.snl.api.BoardTest"/>
  <testcase name="registerPlayer_MaxPlayersReachedExeption" time="0.022" classname="com.qainfotech.tap.training.snl.api.BoardTest"/>
  <testcase name="rollDice" time="0.019" classname="com.qainfotech.tap.training.snl.api.BoardTest"/>
  <testcase name="deletePlayer" time="0.030" classname="com.qainfotech.tap.training.snl.api.BoardTest"/>
</testsuite> <!-- com.qainfotech.tap.training.snl.api.BoardTest -->
